# JRE version: OpenJDK Runtime Environment Microsoft-7208460 (11.0.18+10) (build 11.0.18+10-LTS)
# Java VM: OpenJDK 64-Bit Server VM Microsoft-7208460 (11.0.18+10-LTS, mixed mode, tiered, compressed oops, g1 gc, windows-amd64)
Heap:
 garbage-first heap   total 372736K, used 335841K [0x0000000080000000, 0x0000000100000000)
  region size 1024K, 9 young (9216K), 2 survivors (2048K)
 Metaspace       used 143722K, capacity 152033K, committed 152144K, reserved 647168K
  class space    used 18193K, capacity 21180K, committed 21248K, reserved 516096K
GC Heap History (20 events):
Event: 159.239 GC heap before
{Heap before GC invocations=175 (full 0):
 garbage-first heap   total 372736K, used 303537K [0x0000000080000000, 0x0000000100000000)
  region size 1024K, 22 young (22528K), 3 survivors (3072K)
 Metaspace       used 138961K, capacity 146952K, committed 147152K, reserved 643072K
  class space    used 17736K, capacity 20585K, committed 20608K, reserved 516096K
}
Event: 159.246 GC heap after
{Heap after GC invocations=176 (full 0):
 garbage-first heap   total 372736K, used 285218K [0x0000000080000000, 0x0000000100000000)
  region size 1024K, 3 young (3072K), 3 survivors (3072K)
 Metaspace       used 138961K, capacity 146952K, committed 147152K, reserved 643072K
  class space    used 17736K, capacity 20585K, committed 20608K, reserved 516096K
}
Event: 159.438 GC heap before
{Heap before GC invocations=176 (full 0):
 garbage-first heap   total 372736K, used 300578K [0x0000000080000000, 0x0000000100000000)
  region size 1024K, 18 young (18432K), 3 survivors (3072K)
 Metaspace       used 139368K, capacity 147390K, committed 147536K, reserved 643072K
  class space    used 17758K, capacity 20619K, committed 20736K, reserved 516096K
}
Event: 159.443 GC heap after
{Heap after GC invocations=177 (full 0):
 garbage-first heap   total 372736K, used 285263K [0x0000000080000000, 0x0000000100000000)
  region size 1024K, 3 young (3072K), 3 survivors (3072K)
 Metaspace       used 139368K, capacity 147390K, committed 147536K, reserved 643072K
  class space    used 17758K, capacity 20619K, committed 20736K, reserved 516096K
}
Event: 159.744 GC heap before
{Heap before GC invocations=177 (full 0):
 garbage-first heap   total 372736K, used 315983K [0x0000000080000000, 0x0000000100000000)
  region size 1024K, 33 young (33792K), 3 survivors (3072K)
 Metaspace       used 140092K, capacity 148090K, committed 148304K, reserved 645120K
  class space    used 17792K, capacity 20656K, committed 20736K, reserved 516096K
}
Event: 159.750 GC heap after
{Heap after GC invocations=178 (full 0):
 garbage-first heap   total 372736K, used 286179K [0x0000000080000000, 0x0000000100000000)
  region size 1024K, 4 young (4096K), 4 survivors (4096K)
 Metaspace       used 140092K, capacity 148090K, committed 148304K, reserved 645120K
  class space    used 17792K, capacity 20656K, committed 20736K, reserved 516096K
}
Event: 160.037 GC heap before
{Heap before GC invocations=178 (full 0):
 garbage-first heap   total 372736K, used 317923K [0x0000000080000000, 0x0000000100000000)
  region size 1024K, 35 young (35840K), 4 survivors (4096K)
 Metaspace       used 140401K, capacity 148406K, committed 148560K, reserved 645120K
  class space    used 17812K, capacity 20692K, committed 20736K, reserved 516096K
}
Event: 160.042 GC heap after
{Heap after GC invocations=179 (full 0):
 garbage-first heap   total 372736K, used 287118K [0x0000000080000000, 0x0000000100000000)
  region size 1024K, 3 young (3072K), 3 survivors (3072K)
 Metaspace       used 140401K, capacity 148406K, committed 148560K, reserved 645120K
  class space    used 17812K, capacity 20692K, committed 20736K, reserved 516096K
}
Event: 160.434 GC heap before
{Heap before GC invocations=179 (full 0):
 garbage-first heap   total 372736K, used 320910K [0x0000000080000000, 0x0000000100000000)
  region size 1024K, 36 young (36864K), 3 survivors (3072K)
 Metaspace       used 142025K, capacity 150283K, committed 150352K, reserved 647168K
  class space    used 18035K, capacity 20988K, committed 20992K, reserved 516096K
}
Event: 160.441 GC heap after
{Heap after GC invocations=180 (full 0):
 garbage-first heap   total 372736K, used 289236K [0x0000000080000000, 0x0000000100000000)
  region size 1024K, 5 young (5120K), 5 survivors (5120K)
 Metaspace       used 142025K, capacity 150283K, committed 150352K, reserved 647168K
  class space    used 18035K, capacity 20988K, committed 20992K, reserved 516096K
}
Event: 162.513 GC heap before
{Heap before GC invocations=181 (full 0):
 garbage-first heap   total 372736K, used 322004K [0x0000000080000000, 0x0000000100000000)
  region size 1024K, 37 young (37888K), 5 survivors (5120K)
 Metaspace       used 142370K, capacity 150650K, committed 150736K, reserved 647168K
  class space    used 18079K, capacity 21063K, committed 21120K, reserved 516096K
}
Event: 162.527 GC heap after
{Heap after GC invocations=182 (full 0):
 garbage-first heap   total 372736K, used 292139K [0x0000000080000000, 0x0000000100000000)
  region size 1024K, 5 young (5120K), 5 survivors (5120K)
 Metaspace       used 142370K, capacity 150650K, committed 150736K, reserved 647168K
  class space    used 18079K, capacity 21063K, committed 21120K, reserved 516096K
}
Event: 163.314 GC heap before
{Heap before GC invocations=182 (full 0):
 garbage-first heap   total 372736K, used 304427K [0x0000000080000000, 0x0000000100000000)
  region size 1024K, 18 young (18432K), 5 survivors (5120K)
 Metaspace       used 142370K, capacity 150650K, committed 150736K, reserved 647168K
  class space    used 18079K, capacity 21063K, committed 21120K, reserved 516096K
}
Event: 163.330 GC heap after
{Heap after GC invocations=183 (full 0):
 garbage-first heap   total 372736K, used 293524K [0x0000000080000000, 0x0000000100000000)
  region size 1024K, 3 young (3072K), 3 survivors (3072K)
 Metaspace       used 142370K, capacity 150650K, committed 150736K, reserved 647168K
  class space    used 18079K, capacity 21063K, committed 21120K, reserved 516096K
}
Event: 164.646 GC heap before
{Heap before GC invocations=183 (full 0):
 garbage-first heap   total 372736K, used 322196K [0x0000000080000000, 0x0000000100000000)
  region size 1024K, 32 young (32768K), 3 survivors (3072K)
 Metaspace       used 143252K, capacity 151562K, committed 151888K, reserved 647168K
  class space    used 18167K, capacity 21156K, committed 21248K, reserved 516096K
}
Event: 164.654 GC heap after
{Heap after GC invocations=184 (full 0):
 garbage-first heap   total 372736K, used 296399K [0x0000000080000000, 0x0000000100000000)
  region size 1024K, 3 young (3072K), 3 survivors (3072K)
 Metaspace       used 143252K, capacity 151562K, committed 151888K, reserved 647168K
  class space    used 18167K, capacity 21156K, committed 21248K, reserved 516096K
}
Event: 165.490 GC heap before
{Heap before GC invocations=184 (full 0):
 garbage-first heap   total 372736K, used 324047K [0x0000000080000000, 0x0000000100000000)
  region size 1024K, 30 young (30720K), 3 survivors (3072K)
 Metaspace       used 143676K, capacity 152028K, committed 152144K, reserved 647168K
  class space    used 18192K, capacity 21179K, committed 21248K, reserved 516096K
}
Event: 165.496 GC heap after
{Heap after GC invocations=185 (full 0):
 garbage-first heap   total 372736K, used 298015K [0x0000000080000000, 0x0000000100000000)
  region size 1024K, 2 young (2048K), 2 survivors (2048K)
 Metaspace       used 143676K, capacity 152028K, committed 152144K, reserved 647168K
  class space    used 18192K, capacity 21179K, committed 21248K, reserved 516096K
}
Event: 165.647 GC heap before
{Heap before GC invocations=185 (full 0):
 garbage-first heap   total 372736K, used 315423K [0x0000000080000000, 0x0000000100000000)
  region size 1024K, 21 young (21504K), 2 survivors (2048K)
 Metaspace       used 143721K, capacity 152033K, committed 152144K, reserved 647168K
  class space    used 18193K, capacity 21180K, committed 21248K, reserved 516096K
}
Event: 165.653 GC heap after
{Heap after GC invocations=186 (full 0):
 garbage-first heap   total 372736K, used 297953K [0x0000000080000000, 0x0000000100000000)
  region size 1024K, 2 young (2048K), 2 survivors (2048K)
 Metaspace       used 143721K, capacity 152033K, committed 152144K, reserved 647168K
  class space    used 18193K, capacity 21180K, committed 21248K, reserved 516096K
}

